Arguments: 
  /home/trong/.nvm/versions/node/v16.15.1/bin/node /home/trong/.nvm/versions/node/v16.15.1/bin/yarn publish

PATH: 
  /home/trong/.nvm/versions/node/v16.15.1/bin:/usr/local/sbin:/usr/local/bin:/usr/sbin:/usr/bin:/sbin:/bin:/usr/games:/usr/local/games:/snap/bin

Yarn version: 
  1.22.19

Node version: 
  16.15.1

Platform: 
  linux x64

Trace: 
  Error: https://registry.yarnpkg.com/-/user/org.couchdb.user:pangolier2: That email has already been registered.
      at Request.params.callback [as _callback] (/home/trong/.nvm/versions/node/v16.15.1/lib/node_modules/yarn/lib/cli.js:66145:18)
      at Request.self.callback (/home/trong/.nvm/versions/node/v16.15.1/lib/node_modules/yarn/lib/cli.js:140890:22)
      at Request.emit (node:events:527:28)
      at Request.<anonymous> (/home/trong/.nvm/versions/node/v16.15.1/lib/node_modules/yarn/lib/cli.js:141862:10)
      at Request.emit (node:events:527:28)
      at IncomingMessage.<anonymous> (/home/trong/.nvm/versions/node/v16.15.1/lib/node_modules/yarn/lib/cli.js:141784:12)
      at Object.onceWrapper (node:events:641:28)
      at IncomingMessage.emit (node:events:539:35)
      at endReadableNT (node:internal/streams/readable:1345:12)
      at processTicksAndRejections (node:internal/process/task_queues:83:21)

npm manifest: 
  {
    "name": "fabric-with-touch",
    "version": "1.0.0",
    "description": "",
    "main": "index.js",
    "scripts": {
      "test": "echo \"Error: no test specified\" && exit 1"
    },
    "repository": {
      "type": "git",
      "url": "git+https://github.com/pango-lier/fabric-with-touch.git"
    },
    "author": "pango-lier",
    "license": "ISC",
    "bugs": {
      "url": "https://github.com/pango-lier/fabric-with-touch/issues"
    },
    "homepage": "https://github.com/pango-lier/fabric-with-touch#readme"
  }

yarn manifest: 
  No manifest

Lockfile: 
  No lockfile
